build/app/intermediates/manifest_merge_blame_file/release/manifest-merger-blame-release-report.txt
1<?xml version="1.0" encoding="utf-8"?>
2<manifest xmlns:android="http://schemas.android.com/apk/res/android"
3    package="com.example.trikeright"
4    android:versionCode="1"
5    android:versionName="1.0.0" >
6
7    <uses-sdk
8        android:minSdkVersion="20"
8-->src\main\AndroidManifest.xml
9        android:targetSdkVersion="33" />
9-->src\main\AndroidManifest.xml
10    <!--
11         Required to query activities that can process text, see:
12         https://developer.android.com/training/package-visibility?hl=en and
13         https://developer.android.com/reference/android/content/Intent#ACTION_PROCESS_TEXT.
14
15         In particular, this is used by the Flutter engine in io.flutter.plugin.text.ProcessTextPlugin.
16    -->
17    <queries>
17-->src\main\AndroidManifest.xml:40:5-45:15
18        <intent>
18-->src\main\AndroidManifest.xml:41:9-44:18
19            <action android:name="android.intent.action.PROCESS_TEXT" />
19-->src\main\AndroidManifest.xml:42:13-72
19-->src\main\AndroidManifest.xml:42:21-70
20
21            <data android:mimeType="text/plain" />
21-->src\main\AndroidManifest.xml:43:13-50
21-->src\main\AndroidManifest.xml:43:19-48
22        </intent>
23        <!-- Needs to be explicitly declared on Android R+ -->
24        <package android:name="com.google.android.apps.maps" />
24-->[com.google.android.gms:play-services-maps:18.2.0] AndroidManifest.xml:33:9-64
24-->[com.google.android.gms:play-services-maps:18.2.0] AndroidManifest.xml:33:18-61
25    </queries>
26    <!-- Include required permissions for Google Maps API to run. -->
27    <uses-permission android:name="android.permission.ACCESS_NETWORK_STATE" />
27-->[com.google.android.gms:play-services-maps:18.2.0] AndroidManifest.xml:23:5-79
27-->[com.google.android.gms:play-services-maps:18.2.0] AndroidManifest.xml:23:22-76
28    <uses-permission android:name="android.permission.INTERNET" />
28-->[com.google.android.gms:play-services-maps:18.2.0] AndroidManifest.xml:24:5-67
28-->[com.google.android.gms:play-services-maps:18.2.0] AndroidManifest.xml:24:22-64
29
30    <uses-feature
30-->[com.google.android.gms:play-services-maps:18.2.0] AndroidManifest.xml:26:5-28:35
31        android:glEsVersion="0x00020000"
31-->[com.google.android.gms:play-services-maps:18.2.0] AndroidManifest.xml:27:9-41
32        android:required="true" />
32-->[com.google.android.gms:play-services-maps:18.2.0] AndroidManifest.xml:28:9-32
33
34    <application
35        android:name="android.app.Application"
35-->src\main\AndroidManifest.xml:4:9-42
36        android:appComponentFactory="androidx.core.app.CoreComponentFactory"
36-->[androidx.core:core:1.6.0] AndroidManifest.xml:24:18-86
37        android:icon="@mipmap/ic_launcher"
37-->src\main\AndroidManifest.xml:5:9-43
38        android:label="TrikeRight" >
38-->src\main\AndroidManifest.xml:3:9-35
39        <activity
39-->src\main\AndroidManifest.xml:6:9-26:20
40            android:name="com.example.trikeright.MainActivity"
40-->src\main\AndroidManifest.xml:7:13-41
41            android:configChanges="orientation|keyboardHidden|keyboard|screenSize|smallestScreenSize|locale|layoutDirection|fontScale|screenLayout|density|uiMode"
41-->src\main\AndroidManifest.xml:11:13-163
42            android:exported="true"
42-->src\main\AndroidManifest.xml:8:13-36
43            android:hardwareAccelerated="true"
43-->src\main\AndroidManifest.xml:12:13-47
44            android:launchMode="singleTop"
44-->src\main\AndroidManifest.xml:9:13-43
45            android:theme="@style/LaunchTheme"
45-->src\main\AndroidManifest.xml:10:13-47
46            android:windowSoftInputMode="adjustResize" >
46-->src\main\AndroidManifest.xml:13:13-55
47
48            <!--
49                 Specifies an Android theme to apply to this Activity as soon as
50                 the Android process has started. This theme is visible to the user
51                 while the Flutter UI initializes. After that, this theme continues
52                 to determine the Window background behind the Flutter UI.
53            -->
54            <meta-data
54-->src\main\AndroidManifest.xml:18:13-21:17
55                android:name="io.flutter.embedding.android.NormalTheme"
55-->src\main\AndroidManifest.xml:19:15-70
56                android:resource="@style/NormalTheme" />
56-->src\main\AndroidManifest.xml:20:15-52
57
58            <intent-filter>
58-->src\main\AndroidManifest.xml:22:13-25:29
59                <action android:name="android.intent.action.MAIN" />
59-->src\main\AndroidManifest.xml:23:17-68
59-->src\main\AndroidManifest.xml:23:25-66
60
61                <category android:name="android.intent.category.LAUNCHER" />
61-->src\main\AndroidManifest.xml:24:17-76
61-->src\main\AndroidManifest.xml:24:27-74
62            </intent-filter>
63        </activity>
64        <!--
65             Don't delete the meta-data below.
66             This is used by the Flutter tool to generate GeneratedPluginRegistrant.java
67        -->
68        <meta-data
68-->src\main\AndroidManifest.xml:29:9-31:33
69            android:name="flutterEmbedding"
69-->src\main\AndroidManifest.xml:30:13-44
70            android:value="2" />
70-->src\main\AndroidManifest.xml:31:13-30
71        <meta-data
71-->src\main\AndroidManifest.xml:32:9-33:70
72            android:name="com.google.android.geo.API_KEY"
72-->src\main\AndroidManifest.xml:32:20-65
73            android:value="AIzaSyBLSfzJCN9CqVEKYT1GOoAB0hxdy89YtAg" />
73-->src\main\AndroidManifest.xml:33:13-68
74
75        <uses-library
75-->[androidx.window:window:1.0.0-beta04] AndroidManifest.xml:25:9-27:40
76            android:name="androidx.window.extensions"
76-->[androidx.window:window:1.0.0-beta04] AndroidManifest.xml:26:13-54
77            android:required="false" />
77-->[androidx.window:window:1.0.0-beta04] AndroidManifest.xml:27:13-37
78        <uses-library
78-->[androidx.window:window:1.0.0-beta04] AndroidManifest.xml:28:9-30:40
79            android:name="androidx.window.sidecar"
79-->[androidx.window:window:1.0.0-beta04] AndroidManifest.xml:29:13-51
80            android:required="false" /> <!-- Needs to be explicitly declared on P+ -->
80-->[androidx.window:window:1.0.0-beta04] AndroidManifest.xml:30:13-37
81        <uses-library
81-->[com.google.android.gms:play-services-maps:18.2.0] AndroidManifest.xml:39:9-41:40
82            android:name="org.apache.http.legacy"
82-->[com.google.android.gms:play-services-maps:18.2.0] AndroidManifest.xml:40:13-50
83            android:required="false" />
83-->[com.google.android.gms:play-services-maps:18.2.0] AndroidManifest.xml:41:13-37
84
85        <activity
85-->[com.google.android.gms:play-services-base:18.0.1] AndroidManifest.xml:20:9-22:45
86            android:name="com.google.android.gms.common.api.GoogleApiActivity"
86-->[com.google.android.gms:play-services-base:18.0.1] AndroidManifest.xml:20:19-85
87            android:exported="false"
87-->[com.google.android.gms:play-services-base:18.0.1] AndroidManifest.xml:22:19-43
88            android:theme="@android:style/Theme.Translucent.NoTitleBar" />
88-->[com.google.android.gms:play-services-base:18.0.1] AndroidManifest.xml:21:19-78
89
90        <meta-data
90-->[com.google.android.gms:play-services-basement:18.0.0] AndroidManifest.xml:21:9-23:69
91            android:name="com.google.android.gms.version"
91-->[com.google.android.gms:play-services-basement:18.0.0] AndroidManifest.xml:22:13-58
92            android:value="@integer/google_play_services_version" />
92-->[com.google.android.gms:play-services-basement:18.0.0] AndroidManifest.xml:23:13-66
93    </application>
94
95</manifest>